<?xml version="1.0" encoding="UTF-8"?>
<testsuite xmlns:xsi="http://www.w3.org/2001/XMLSchema-instance" xsi:noNamespaceSchemaLocation="https://maven.apache.org/surefire/maven-surefire-plugin/xsd/surefire-test-report-3.0.xsd" version="3.0" name="com.it_academy.CalculatorTest" time="0.398" tests="14" errors="0" skipped="0" failures="0">
  <properties>
[...]
</properties>
  <testcase name="testMultiplication" classname="com.it_academy.CalculatorTest" time="0.127"/>
  <testcase name="testAddition" classname="com.it_academy.CalculatorTest" time="0.006"/>
  <testcase name="testInvalidOperation" classname="com.it_academy.CalculatorTest" time="0.002"/>
  <testcase name="testDecimalNumbers(double, double, String, double)[1]" classname="com.it_academy.CalculatorTest" time="0.041"/>
  <testcase name="testDecimalNumbers(double, double, String, double)[2]" classname="com.it_academy.CalculatorTest" time="0.002"/>
  <testcase name="testDecimalNumbers(double, double, String, double)[3]" classname="com.it_academy.CalculatorTest" time="0.002"/>
  <testcase name="testDecimalNumbers(double, double, String, double)[4]" classname="com.it_academy.CalculatorTest" time="0.004"/>
  <testcase name="testDivisionByZero" classname="com.it_academy.CalculatorTest" time="0.001"/>
  <testcase name="testDivision" classname="com.it_academy.CalculatorTest" time="0.001"/>
  <testcase name="testSubtraction" classname="com.it_academy.CalculatorTest" time="0.001"/>
  <testcase name="testNegativeNumbers(double, double, String, double)[1]" classname="com.it_academy.CalculatorTest" time="0.001"/>
  <testcase name="testNegativeNumbers(double, double, String, double)[2]" classname="com.it_academy.CalculatorTest" time="0.003"/>
  <testcase name="testNegativeNumbers(double, double, String, double)[3]" classname="com.it_academy.CalculatorTest" time="0.001"/>
  <testcase name="testNegativeNumbers(double, double, String, double)[4]" classname="com.it_academy.CalculatorTest" time="0.003"/>
</testsuite>